<?xml version="1.0" encoding="UTF-8"?>
<!-- Generated by org.testng.reporters.JUnitXMLReporter -->
<testsuite ignored="1" hostname="DESKTOP-K0CQ021" failures="0" tests="1" name="Default test(failed)(failed)" time="0.042" errors="0" timestamp="2023-11-29T12:00:48 IST">
  <testcase classname="testNGExecutionPackage.Test2" name="method2" time="0.01"/>
  <testcase classname="testNGExecutionPackage.Test2" name="method1" time="0.0">
    <ignored/>
  </testcase> <!-- method1 -->
</testsuite> <!-- Default test(failed)(failed) -->
