<?xml version="1.0" encoding="UTF-8"?>
<!-- Generated by org.testng.reporters.JUnitXMLReporter -->
<testsuite ignored="0" hostname="DESKTOP-K0CQ021" failures="0" tests="5" name="Test" time="28.693" errors="0" timestamp="2023-12-10T11:53:40 IST">
  <testcase classname="testPackage.ValidLoginTestCase" name="validLoginMethod" time="0.17"/>
  <testcase classname="testPackage.InValidLoginTestCase" name="invalidLoginMethod" time="2.391"/>
  <testcase classname="testPackage.CeateNewCustomers_ProjectsTestCase" name="createNewCustomers_Projects" time="5.806"/>
  <testcase classname="testPackage.CreateNewUsersTestCase" name="createValidNewUsersMethod" time="3.613"/>
  <testcase classname="testPackage.DeleteAllTestCase" name="deleteMethod" time="1.456"/>
</testsuite> <!-- Test -->
