<?xml version="1.0" encoding="UTF-8"?>
<!-- Generated by org.testng.reporters.JUnitXMLReporter -->
<testsuite ignored="0" hostname="DESKTOP-K0CQ021" failures="0" tests="3" name="Default test" time="0.053" errors="0" timestamp="2023-12-02T13:00:22 IST">
  <testcase classname="testNGAnnotations_Flags.Flag5" name="createUsersMethod" time="0.008"/>
  <testcase classname="testNGAnnotations_Flags.Flag5" name="loginMethod" time="0.002"/>
  <testcase classname="testNGAnnotations_Flags.Flag5" name="logoutMethod" time="0.001"/>
</testsuite> <!-- Default test -->
