<?xml version="1.0" encoding="UTF-8"?>
<!-- Generated by org.testng.reporters.JUnitXMLReporter -->
<testsuite ignored="1" hostname="DESKTOP-K0CQ021" failures="1" tests="1" name="Default test(failed)" time="0.039" errors="0" timestamp="2023-11-29T11:59:50 IST">
  <testcase classname="testNGExecutionPackage.Test2" name="method2" time="0.006">
    <failure type="java.lang.ArithmeticException" message="/ by zero">
      <![CDATA[java.lang.ArithmeticException: / by zero
at testNGExecutionPackage.Test2.method2(Test2.java:17)
at java.base/java.util.ArrayList.forEach(ArrayList.java:1511)
... Removed 27 stack frames]]>
    </failure>
  </testcase> <!-- method2 -->
  <testcase classname="testNGExecutionPackage.Test2" name="method1" time="0.0">
    <ignored/>
  </testcase> <!-- method1 -->
</testsuite> <!-- Default test(failed) -->
