<?xml version="1.0" encoding="UTF-8"?>
<testng-results ignored="0" total="4" passed="4" failed="0" skipped="0">
  <reporter-output>
  </reporter-output>
  <suite started-at="2023-11-30T12:40:57 IST" name="Suite" finished-at="2023-11-30T12:41:19 IST" duration-ms="21672">
    <groups>
    </groups>
    <test started-at="2023-11-30T12:40:57 IST" name="Test2" finished-at="2023-11-30T12:41:19 IST" duration-ms="21516">
      <class name="testNGExecutionPackage.JavaTest">
        <test-method signature="java_method()[pri:0, instance:testNGExecutionPackage.JavaTest@7526515b]" started-at="2023-11-30T12:41:08 IST" name="java_method" finished-at="2023-11-30T12:41:19 IST" duration-ms="10822" status="PASS">
          <reporter-output>
          </reporter-output>
        </test-method> <!-- java_method -->
      </class> <!-- testNGExecutionPackage.JavaTest -->
      <class name="testNGExecutionPackage.SeleniumTest">
        <test-method signature="selenium_method()[pri:0, instance:testNGExecutionPackage.SeleniumTest@644baf4a]" started-at="2023-11-30T12:40:57 IST" name="selenium_method" finished-at="2023-11-30T12:41:08 IST" duration-ms="10623" status="PASS">
          <reporter-output>
          </reporter-output>
        </test-method> <!-- selenium_method -->
      </class> <!-- testNGExecutionPackage.SeleniumTest -->
    </test> <!-- Test2 -->
    <test started-at="2023-11-30T12:40:57 IST" name="Test1" finished-at="2023-11-30T12:41:19 IST" duration-ms="21671">
      <class name="testNGExecutionPackage.JavaTest">
        <test-method signature="java_method()[pri:0, instance:testNGExecutionPackage.JavaTest@12aba8be]" started-at="2023-11-30T12:40:57 IST" name="java_method" finished-at="2023-11-30T12:41:08 IST" duration-ms="10988" status="PASS">
          <reporter-output>
          </reporter-output>
        </test-method> <!-- java_method -->
      </class> <!-- testNGExecutionPackage.JavaTest -->
      <class name="testNGExecutionPackage.SeleniumTest">
        <test-method signature="selenium_method()[pri:0, instance:testNGExecutionPackage.SeleniumTest@4b0d79fc]" started-at="2023-11-30T12:41:08 IST" name="selenium_method" finished-at="2023-11-30T12:41:19 IST" duration-ms="10636" status="PASS">
          <reporter-output>
          </reporter-output>
        </test-method> <!-- selenium_method -->
      </class> <!-- testNGExecutionPackage.SeleniumTest -->
    </test> <!-- Test1 -->
  </suite> <!-- Suite -->
</testng-results>
