<?xml version="1.0" encoding="UTF-8"?>
<testng-results ignored="0" total="3" passed="3" failed="0" skipped="0">
  <reporter-output>
    <line>
      <![CDATA[Method2 For Users Page ]]>
    </line>
    <line>
      <![CDATA[Method1 For Login Page]]>
    </line>
    <line>
      <![CDATA[Method3 For Logout Page ]]>
    </line>
  </reporter-output>
  <suite started-at="2023-12-02T13:00:22 IST" name="Default suite" finished-at="2023-12-02T13:00:22 IST" duration-ms="53">
    <groups>
    </groups>
    <test started-at="2023-12-02T13:00:22 IST" name="Default test" finished-at="2023-12-02T13:00:22 IST" duration-ms="53">
      <class name="testNGAnnotations_Flags.Flag5">
        <test-method signature="createUsersMethod()[pri:0, instance:testNGAnnotations_Flags.Flag5@550dbc7a]" started-at="2023-12-02T13:00:22 IST" name="createUsersMethod" finished-at="2023-12-02T13:00:22 IST" duration-ms="8" status="PASS">
          <reporter-output>
            <line>
              <![CDATA[Method2 For Users Page ]]>
            </line>
          </reporter-output>
        </test-method> <!-- createUsersMethod -->
        <test-method signature="loginMethod()[pri:0, instance:testNGAnnotations_Flags.Flag5@550dbc7a]" started-at="2023-12-02T13:00:22 IST" name="loginMethod" finished-at="2023-12-02T13:00:22 IST" duration-ms="2" status="PASS">
          <reporter-output>
            <line>
              <![CDATA[Method1 For Login Page]]>
            </line>
          </reporter-output>
        </test-method> <!-- loginMethod -->
        <test-method signature="logoutMethod()[pri:0, instance:testNGAnnotations_Flags.Flag5@550dbc7a]" started-at="2023-12-02T13:00:22 IST" name="logoutMethod" finished-at="2023-12-02T13:00:22 IST" duration-ms="1" status="PASS">
          <reporter-output>
            <line>
              <![CDATA[Method3 For Logout Page ]]>
            </line>
          </reporter-output>
        </test-method> <!-- logoutMethod -->
      </class> <!-- testNGAnnotations_Flags.Flag5 -->
    </test> <!-- Default test -->
  </suite> <!-- Default suite -->
</testng-results>
