<?xml version="1.0" encoding="UTF-8"?>
<!-- Generated by org.testng.reporters.JUnitXMLReporter -->
<testsuite ignored="0" hostname="DESKTOP-K0CQ021" failures="0" tests="3" name="Test" time="38.08" errors="0" timestamp="2023-11-28T12:42:40 IST">
  <testcase classname="testNGExecutionPackage.JavaTest" name="java_method" time="13.279"/>
  <testcase classname="testNGExecutionPackage.SeleniumTest" name="selenium_method" time="13.543"/>
  <testcase classname="testNGExecutionPackage.SqlTest" name="sql_method" time="11.22"/>
</testsuite> <!-- Test -->
